<?xml version="1.0" encoding="UTF-8"?>
<!-- Generated by org.testng.reporters.JUnitXMLReporter -->
<testsuite ignored="0" hostname="LAPTOP-EA4CD3Q6" failures="2" tests="5" name="Testsuitlevel_listner." time="0.126" errors="0" timestamp="2021-11-23T00:13:51 IST">
  <testcase classname="listners.SuitLevel_listners" name="Abc" time="0.016">
    <failure type="java.lang.AssertionError">
      <![CDATA[java.lang.AssertionError
at org.junit.Assert.fail(Assert.java:86)
at org.junit.Assert.fail(Assert.java:95)
at listners.SuitLevel_listners.Abc(SuitLevel_listners.java:15)
at java.base/java.util.ArrayList.forEach(ArrayList.java:1511)
... Removed 27 stack frames]]>
    </failure>
  </testcase> <!-- Abc -->
  <testcase classname="listners.SuitLevel_listners" name="def" time="0.003"/>
  <testcase classname="listners.SuitLevel_listners" name="mno" time="0.002">
    <failure type="java.lang.AssertionError">
      <![CDATA[java.lang.AssertionError
at org.junit.Assert.fail(Assert.java:86)
at org.junit.Assert.fail(Assert.java:95)
at listners.SuitLevel_listners.mno(SuitLevel_listners.java:10)
at java.base/java.util.ArrayList.forEach(ArrayList.java:1511)
... Removed 27 stack frames]]>
    </failure>
  </testcase> <!-- mno -->
  <testcase classname="listners.SuitLevel_listners" name="pqr" time="0.003"/>
  <testcase classname="listners.SuitLevel_listners" name="xyz" time="0.005"/>
</testsuite> <!-- Testsuitlevel_listner. -->
