<?xml version="1.0" encoding="UTF-8"?>
<!-- Generated by org.testng.reporters.JUnitXMLReporter -->
<testsuite ignored="2" hostname="LAPTOP-EA4CD3Q6" failures="0" tests="3" name="Test_groupssuit1" time="0.101" errors="0" timestamp="2021-11-18T14:56:45 IST">
  <testcase classname="testNG_Grooping.Group1" name="test23" time="0.013"/>
  <testcase classname="testNG_Grooping.Group1" name="test24" time="0.002"/>
  <testcase classname="testNG_Grooping.Group1" name="test25" time="0.002"/>
  <testcase classname="testNG_Grooping.Group1" name="test21" time="0.0">
    <ignored/>
  </testcase> <!-- test21 -->
  <testcase classname="testNG_Grooping.Group1" name="test22" time="0.0">
    <ignored/>
  </testcase> <!-- test22 -->
</testsuite> <!-- Test_groupssuit1 -->
