<?xml version="1.0" encoding="UTF-8"?>
<!-- Generated by org.testng.reporters.JUnitXMLReporter -->
<testsuite ignored="0" hostname="LAPTOP-EA4CD3Q6" failures="0" tests="5" name="Default test" time="0.257" errors="0" timestamp="2021-12-23T12:23:53 IST">
  <testcase classname="testNGkeywords.Keywords1" name="Abc" time="0.036"/>
  <testcase classname="testNGkeywords.Keywords1" name="def" time="0.003"/>
  <testcase classname="testNGkeywords.Keywords1" name="mno" time="0.017"/>
  <testcase classname="testNGkeywords.Keywords1" name="pqr" time="0.005"/>
  <testcase classname="testNGkeywords.Keywords1" name="xyz" time="0.008"/>
</testsuite> <!-- Default test -->
