<?xml version="1.0" encoding="UTF-8"?>
<!-- Generated by org.testng.reporters.JUnitXMLReporter -->
<testsuite ignored="67" hostname="LAPTOP-EA4CD3Q6" failures="0" tests="9" name="Test" time="0.158" errors="0" timestamp="2022-01-05T22:21:41 IST">
  <testcase classname="taskonGRoopinG_80_methods.Class2_20_to_40" name="test24" time="0.021"/>
  <testcase classname="taskonGRoopinG_80_methods.Class1_0_to_20" name="one" time="0.021"/>
  <testcase classname="taskonGRoopinG_80_methods.Class2_20_to_40" name="test25" time="0.006"/>
  <testcase classname="taskonGRoopinG_80_methods.Class1_0_to_20" name="six" time="0.012"/>
  <testcase classname="taskonGRoopinG_80_methods.Class2_20_to_40" name="test32" time="0.004"/>
  <testcase classname="taskonGRoopinG_80_methods.Class2_20_to_40" name="test37" time="0.003"/>
  <testcase classname="taskonGRoopinG_80_methods.Class1_0_to_20" name="ten" time="0.009"/>
  <testcase classname="taskonGRoopinG_80_methods.Class1_0_to_20" name="twelve" time="0.003"/>
  <testcase classname="taskonGRoopinG_80_methods.Class1_0_to_20" name="twenty" time="0.002"/>
  <testcase classname="taskonGRoopinG_80_methods.Class2_20_to_40" name="test36" time="0.0">
    <ignored/>
  </testcase> <!-- test36 -->
  <testcase classname="taskonGRoopinG_80_methods.Class4_60_to_80" name="test65" time="0.0">
    <ignored/>
  </testcase> <!-- test65 -->
  <testcase classname="taskonGRoopinG_80_methods.Class4_60_to_80" name="test68" time="0.0">
    <ignored/>
  </testcase> <!-- test68 -->
  <testcase classname="taskonGRoopinG_80_methods.Class2_20_to_40" name="test34" time="0.0">
    <ignored/>
  </testcase> <!-- test34 -->
  <testcase classname="taskonGRoopinG_80_methods.Class2_20_to_40" name="test35" time="0.0">
    <ignored/>
  </testcase> <!-- test35 -->
  <testcase classname="taskonGRoopinG_80_methods.Class4_60_to_80" name="test66" time="0.0">
    <ignored/>
  </testcase> <!-- test66 -->
  <testcase classname="taskonGRoopinG_80_methods.Class2_20_to_40" name="test33" time="0.0">
    <ignored/>
  </testcase> <!-- test33 -->
  <testcase classname="taskonGRoopinG_80_methods.Class4_60_to_80" name="test64" time="0.0">
    <ignored/>
  </testcase> <!-- test64 -->
  <testcase classname="taskonGRoopinG_80_methods.Class2_20_to_40" name="test30" time="0.0">
    <ignored/>
  </testcase> <!-- test30 -->
  <testcase classname="taskonGRoopinG_80_methods.Class4_60_to_80" name="test67" time="0.0">
    <ignored/>
  </testcase> <!-- test67 -->
  <testcase classname="taskonGRoopinG_80_methods.Class1_0_to_20" name="seventyne" time="0.0">
    <ignored/>
  </testcase> <!-- seventyne -->
  <testcase classname="taskonGRoopinG_80_methods.Class2_20_to_40" name="test31" time="0.0">
    <ignored/>
  </testcase> <!-- test31 -->
  <testcase classname="taskonGRoopinG_80_methods.Class1_0_to_20" name="eight" time="0.0">
    <ignored/>
  </testcase> <!-- eight -->
  <testcase classname="taskonGRoopinG_80_methods.Class1_0_to_20" name="four" time="0.0">
    <ignored/>
  </testcase> <!-- four -->
  <testcase classname="taskonGRoopinG_80_methods.Class2_20_to_40" name="test38" time="0.0">
    <ignored/>
  </testcase> <!-- test38 -->
  <testcase classname="taskonGRoopinG_80_methods.Class1_0_to_20" name="fourtyne" time="0.0">
    <ignored/>
  </testcase> <!-- fourtyne -->
  <testcase classname="taskonGRoopinG_80_methods.Class1_0_to_20" name="sisteen" time="0.0">
    <ignored/>
  </testcase> <!-- sisteen -->
  <testcase classname="taskonGRoopinG_80_methods.Class1_0_to_20" name="two" time="0.0">
    <ignored/>
  </testcase> <!-- two -->
  <testcase classname="taskonGRoopinG_80_methods.Class4_60_to_80" name="test61" time="0.0">
    <ignored/>
  </testcase> <!-- test61 -->
  <testcase classname="taskonGRoopinG_80_methods.Class4_60_to_80" name="test62" time="0.0">
    <ignored/>
  </testcase> <!-- test62 -->
  <testcase classname="taskonGRoopinG_80_methods.Class4_60_to_80" name="test63" time="0.0">
    <ignored/>
  </testcase> <!-- test63 -->
  <testcase classname="taskonGRoopinG_80_methods.Class1_0_to_20" name="nine" time="0.0">
    <ignored/>
  </testcase> <!-- nine -->
  <testcase classname="taskonGRoopinG_80_methods.Class3_40_to_60" name="test41" time="0.0">
    <ignored/>
  </testcase> <!-- test41 -->
  <testcase classname="taskonGRoopinG_80_methods.Class3_40_to_60" name="test47" time="0.0">
    <ignored/>
  </testcase> <!-- test47 -->
  <testcase classname="taskonGRoopinG_80_methods.Class3_40_to_60" name="test49" time="0.0">
    <ignored/>
  </testcase> <!-- test49 -->
  <testcase classname="taskonGRoopinG_80_methods.Class3_40_to_60" name="test46" time="0.0">
    <ignored/>
  </testcase> <!-- test46 -->
  <testcase classname="taskonGRoopinG_80_methods.Class3_40_to_60" name="test43" time="0.0">
    <ignored/>
  </testcase> <!-- test43 -->
  <testcase classname="taskonGRoopinG_80_methods.Class3_40_to_60" name="test48" time="0.0">
    <ignored/>
  </testcase> <!-- test48 -->
  <testcase classname="taskonGRoopinG_80_methods.Class3_40_to_60" name="test45" time="0.0">
    <ignored/>
  </testcase> <!-- test45 -->
  <testcase classname="taskonGRoopinG_80_methods.Class3_40_to_60" name="test42" time="0.0">
    <ignored/>
  </testcase> <!-- test42 -->
  <testcase classname="taskonGRoopinG_80_methods.Class3_40_to_60" name="test44" time="0.0">
    <ignored/>
  </testcase> <!-- test44 -->
  <testcase classname="taskonGRoopinG_80_methods.Class1_0_to_20" name="five" time="0.0">
    <ignored/>
  </testcase> <!-- five -->
  <testcase classname="taskonGRoopinG_80_methods.Class3_40_to_60" name="test50" time="0.0">
    <ignored/>
  </testcase> <!-- test50 -->
  <testcase classname="taskonGRoopinG_80_methods.Class3_40_to_60" name="test52" time="0.0">
    <ignored/>
  </testcase> <!-- test52 -->
  <testcase classname="taskonGRoopinG_80_methods.Class3_40_to_60" name="test51" time="0.0">
    <ignored/>
  </testcase> <!-- test51 -->
  <testcase classname="taskonGRoopinG_80_methods.Class3_40_to_60" name="test58" time="0.0">
    <ignored/>
  </testcase> <!-- test58 -->
  <testcase classname="taskonGRoopinG_80_methods.Class3_40_to_60" name="test57" time="0.0">
    <ignored/>
  </testcase> <!-- test57 -->
  <testcase classname="taskonGRoopinG_80_methods.Class3_40_to_60" name="test54" time="0.0">
    <ignored/>
  </testcase> <!-- test54 -->
  <testcase classname="taskonGRoopinG_80_methods.Class1_0_to_20" name="seven" time="0.0">
    <ignored/>
  </testcase> <!-- seven -->
  <testcase classname="taskonGRoopinG_80_methods.Class3_40_to_60" name="test59" time="0.0">
    <ignored/>
  </testcase> <!-- test59 -->
  <testcase classname="taskonGRoopinG_80_methods.Class1_0_to_20" name="three" time="0.0">
    <ignored/>
  </testcase> <!-- three -->
  <testcase classname="taskonGRoopinG_80_methods.Class3_40_to_60" name="test53" time="0.0">
    <ignored/>
  </testcase> <!-- test53 -->
  <testcase classname="taskonGRoopinG_80_methods.Class3_40_to_60" name="test55" time="0.0">
    <ignored/>
  </testcase> <!-- test55 -->
  <testcase classname="taskonGRoopinG_80_methods.Class1_0_to_20" name="fiftyne" time="0.0">
    <ignored/>
  </testcase> <!-- fiftyne -->
  <testcase classname="taskonGRoopinG_80_methods.Class4_60_to_80" name="test76" time="0.0">
    <ignored/>
  </testcase> <!-- test76 -->
  <testcase classname="taskonGRoopinG_80_methods.Class2_20_to_40" name="test26" time="0.0">
    <ignored/>
  </testcase> <!-- test26 -->
  <testcase classname="taskonGRoopinG_80_methods.Class4_60_to_80" name="test79" time="0.0">
    <ignored/>
  </testcase> <!-- test79 -->
  <testcase classname="taskonGRoopinG_80_methods.Class2_20_to_40" name="test23" time="0.0">
    <ignored/>
  </testcase> <!-- test23 -->
  <testcase classname="taskonGRoopinG_80_methods.Class4_60_to_80" name="test77" time="0.0">
    <ignored/>
  </testcase> <!-- test77 -->
  <testcase classname="taskonGRoopinG_80_methods.Class2_20_to_40" name="test21" time="0.0">
    <ignored/>
  </testcase> <!-- test21 -->
  <testcase classname="taskonGRoopinG_80_methods.Class2_20_to_40" name="test22" time="0.0">
    <ignored/>
  </testcase> <!-- test22 -->
  <testcase classname="taskonGRoopinG_80_methods.Class4_60_to_80" name="test75" time="0.0">
    <ignored/>
  </testcase> <!-- test75 -->
  <testcase classname="taskonGRoopinG_80_methods.Class1_0_to_20" name="eleven" time="0.0">
    <ignored/>
  </testcase> <!-- eleven -->
  <testcase classname="taskonGRoopinG_80_methods.Class4_60_to_80" name="test78" time="0.0">
    <ignored/>
  </testcase> <!-- test78 -->
  <testcase classname="taskonGRoopinG_80_methods.Class2_20_to_40" name="test20" time="0.0">
    <ignored/>
  </testcase> <!-- test20 -->
  <testcase classname="taskonGRoopinG_80_methods.Class3_40_to_60" name="test60" time="0.0">
    <ignored/>
  </testcase> <!-- test60 -->
  <testcase classname="taskonGRoopinG_80_methods.Class2_20_to_40" name="test29" time="0.0">
    <ignored/>
  </testcase> <!-- test29 -->
  <testcase classname="taskonGRoopinG_80_methods.Class2_20_to_40" name="test27" time="0.0">
    <ignored/>
  </testcase> <!-- test27 -->
  <testcase classname="taskonGRoopinG_80_methods.Class2_20_to_40" name="test28" time="0.0">
    <ignored/>
  </testcase> <!-- test28 -->
  <testcase classname="taskonGRoopinG_80_methods.Class4_60_to_80" name="test72" time="0.0">
    <ignored/>
  </testcase> <!-- test72 -->
  <testcase classname="taskonGRoopinG_80_methods.Class4_60_to_80" name="test73" time="0.0">
    <ignored/>
  </testcase> <!-- test73 -->
  <testcase classname="taskonGRoopinG_80_methods.Class1_0_to_20" name="nineteen" time="0.0">
    <ignored/>
  </testcase> <!-- nineteen -->
  <testcase classname="taskonGRoopinG_80_methods.Class4_60_to_80" name="test71" time="0.0">
    <ignored/>
  </testcase> <!-- test71 -->
  <testcase classname="taskonGRoopinG_80_methods.Class4_60_to_80" name="test74" time="0.0">
    <ignored/>
  </testcase> <!-- test74 -->
  <testcase classname="taskonGRoopinG_80_methods.Class4_60_to_80" name="test69" time="0.0">
    <ignored/>
  </testcase> <!-- test69 -->
  <testcase classname="taskonGRoopinG_80_methods.Class4_60_to_80" name="test70" time="0.0">
    <ignored/>
  </testcase> <!-- test70 -->
  <testcase classname="taskonGRoopinG_80_methods.Class1_0_to_20" name="thirtyne" time="0.0">
    <ignored/>
  </testcase> <!-- thirtyne -->
</testsuite> <!-- Test -->
